#
# A fatal error has been detected by the Java Runtime Environment:
#
#  EXCEPTION_ACCESS_VIOLATION (0xc0000005) at pc=0x00007ffa20fed2f0, pid=16940, tid=13324
#
# JRE version: Java(TM) SE Runtime Environment (19.0+36) (build 19+36-2238)
# Java VM: Java HotSpot(TM) 64-Bit Server VM (19+36-2238, mixed mode, sharing, tiered, compressed oops, compressed class ptrs, g1 gc, windows-amd64)
# Problematic frame:
# C  [lwjgl_stb.dll+0xd2f0]
#
# No core dump will be written. Minidumps are not enabled by default on client versions of Windows
#
# If you would like to submit a bug report, please visit:
#   https://bugreport.java.com/bugreport/crash.jsp
# The crash happened outside the Java Virtual Machine in native code.
# See problematic frame for where to report the bug.
#

---------------  S U M M A R Y ------------

Command Line: -XX:+ShowCodeDetailsInExceptionMessages CDD.CDDGame

Host: AMD Ryzen 7 PRO 2700U w/ Radeon Vega Mobile Gfx, 8 cores, 6G,  Windows 10 , 64 bit Build 19041 (10.0.19041.3636)
Time: Fri Jul 12 19:10:22 2024 Eastern Daylight Time elapsed time: 2.028501 seconds (0d 0h 0m 2s)

---------------  T H R E A D  ---------------

Current thread (0x000001b14f294130):  JavaThread "main" [_thread_in_native, id=13324, stack(0x0000003e90a00000,0x0000003e90b00000)]

Stack: [0x0000003e90a00000,0x0000003e90b00000],  sp=0x0000003e90aff2a0,  free space=1020k
Native frames: (J=compiled Java code, j=interpreted, Vv=VM code, C=native code)
C  [lwjgl_stb.dll+0xd2f0]

Java frames: (J=compiled Java code, j=interpreted, Vv=VM code)
j  org.lwjgl.stb.STBImage.nstbi_load_from_memory(JI[I[I[II)J+0
j  org.lwjgl.stb.STBImage.stbi_load_from_memory(Ljava/nio/ByteBuffer;[I[I[II)Ljava/nio/ByteBuffer;+34
j  CDD.texture.Texture.loadFromSTBI(LCDD/util/GameFile;ZI)LCDD/texture/Texture;+25
j  CDD.CDDGame.main([Ljava/lang/String;)V+327
v  ~StubRoutines::call_stub 0x000001b15e72100e

siginfo: EXCEPTION_ACCESS_VIOLATION (0xc0000005), reading address 0x0000000000000010


Registers:
RAX=0x0000000000000010, RBX=0x0000003e90aff420, RCX=0x0000003e90aff420, RDX=0x000001b17bb1f0f0
RSP=0x0000003e90aff2a0, RBP=0x0000000000000000, RSI=0x00007ffa21048318, RDI=0x0000000000000000
R8 =0x000001b17bb1ee80, R9 =0x000001b17bb1ef20, R10=0x0000000000000000, R11=0x0000003e90aff3a0
R12=0x000001b17bb1f0f0, R13=0x0000000000000008, R14=0x000001b17bb1ef20, R15=0x000001b17bb1ee80
RIP=0x00007ffa20fed2f0, EFLAGS=0x0000000000010293


Register to memory mapping:

RIP=0x00007ffa20fed2f0 lwjgl_stb.dll
RAX=0x0000000000000010 is an unknown value
RBX=0x0000003e90aff420 is pointing into the stack for thread: 0x000001b14f294130
RCX=0x0000003e90aff420 is pointing into the stack for thread: 0x000001b14f294130
RDX=0x000001b17bb1f0f0 points into unknown readable memory: 0x0000000000000000 | 00 00 00 00 00 00 00 00
RSP=0x0000003e90aff2a0 is pointing into the stack for thread: 0x000001b14f294130
RBP=0x0 is NULL
RSI=0x00007ffa21048318 lwjgl_stb.dll
RDI=0x0 is NULL
R8 =0x000001b17bb1ee80 points into unknown readable memory: 0x0000000000000000 | 00 00 00 00 00 00 00 00
R9 =0x000001b17bb1ef20 points into unknown readable memory: 0x0000000000000000 | 00 00 00 00 00 00 00 00
R10=0x0 is NULL
R11=0x0000003e90aff3a0 is pointing into the stack for thread: 0x000001b14f294130
R12=0x000001b17bb1f0f0 points into unknown readable memory: 0x0000000000000000 | 00 00 00 00 00 00 00 00
R13=0x0000000000000008 is an unknown value
R14=0x000001b17bb1ef20 points into unknown readable memory: 0x0000000000000000 | 00 00 00 00 00 00 00 00
R15=0x000001b17bb1ee80 points into unknown readable memory: 0x0000000000000000 | 00 00 00 00 00 00 00 00


Top of Stack: (sp=0x0000003e90aff2a0)
0x0000003e90aff2a0:   000001b16dab06f8 000001b17bb1f0f0
0x0000003e90aff2b0:   0000000000000004 0000003e90aff360
0x0000003e90aff2c0:   0000003e90aff420 00007ffa20fe3b4a
0x0000003e90aff2d0:   00000000000000d1 0000000000000004
0x0000003e90aff2e0:   0000000000000001 0000000000000000
0x0000003e90aff2f0:   0000000000000004 00007ff9bc6913dc
0x0000003e90aff300:   0000000000000004 0000000097167338
0x0000003e90aff310:   0000003e90aff328 0000003e90aff388
0x0000003e90aff320:   0000000000000001 00007ff9bc0740bb
0x0000003e90aff330:   0000000000000004 0000000000000009
0x0000003e90aff340:   000001b17bb1ef20 0000000000000004
0x0000003e90aff350:   000001b17bb1f0f0 000001b17bb1ee80
0x0000003e90aff360:   000001b17bb1ef20 00007ffa20fe42dc
0x0000003e90aff370:   0000000000000000 00000000000000d1
0x0000003e90aff380:   0000000000000010 0000000000000010
0x0000003e90aff390:   000001b100000004 0000003e90aff3b0 

Instructions: (pc=0x00007ffa20fed2f0)
0x00007ffa20fed1f0:   cf eb 05 4c 89 54 24 20 41 8b c1 83 e9 02 41 c1
0x00007ffa20fed200:   e9 02 44 89 4c 24 34 89 4c 24 30 83 e0 03 75 0c
0x00007ffa20fed210:   48 8d 4c 24 20 e8 b6 f8 ff ff eb 5d 83 f8 03 0f
0x00007ffa20fed220:   84 85 00 00 00 83 f8 01 75 37 41 b8 20 01 00 00
0x00007ffa20fed230:   48 8d 15 f9 ac 05 00 48 8d 4c 24 54 e8 1f ee ff
0x00007ffa20fed240:   ff 85 c0 74 65 41 b8 20 00 00 00 48 8d 15 7e b0
0x00007ffa20fed250:   05 00 48 8d 8c 24 38 08 00 00 e8 01 ee ff ff eb
0x00007ffa20fed260:   0a 48 8d 4c 24 20 e8 75 f5 ff ff 85 c0 74 3b 48
0x00007ffa20fed270:   8d 4c 24 20 e8 d7 f2 ff ff 85 c0 74 2d 85 db 75
0x00007ffa20fed280:   18 44 8b 4c 24 34 8b 4c 24 30 4c 8b 54 24 28 4c
0x00007ffa20fed290:   8b 44 24 20 e9 c7 fe ff ff 8b 44 24 38 2b 44 24
0x00007ffa20fed2a0:   40 48 81 c4 20 10 00 00 5b c3 b8 ff ff ff ff 48
0x00007ffa20fed2b0:   81 c4 20 10 00 00 5b c3 cc cc cc cc cc cc cc cc
0x00007ffa20fed2c0:   48 89 5c 24 08 48 89 74 24 10 57 48 83 ec 20 48
0x00007ffa20fed2d0:   8b d9 48 8d 35 3f b0 05 00 33 ff 0f 1f 44 00 00
0x00007ffa20fed2e0:   48 8b 83 c0 00 00 00 48 3b 83 c8 00 00 00 73 0f
0x00007ffa20fed2f0:   0f b6 08 48 ff c0 48 89 83 c0 00 00 00 eb 26 83
0x00007ffa20fed300:   7b 30 00 74 1e 48 8b cb e8 23 82 ff ff 48 8b 83
0x00007ffa20fed310:   c0 00 00 00 0f b6 08 48 ff c0 48 89 83 c0 00 00
0x00007ffa20fed320:   00 eb 02 32 c9 3a 0c 37 75 1e 48 ff c7 48 83 ff
0x00007ffa20fed330:   08 7c ad b8 01 00 00 00 48 8b 5c 24 30 48 8b 74
0x00007ffa20fed340:   24 38 48 83 c4 20 5f c3 65 48 8b 04 25 58 00 00
0x00007ffa20fed350:   00 8b 0d f9 e1 06 00 48 8b 5c 24 30 48 8b 74 24
0x00007ffa20fed360:   38 ba 20 00 00 00 48 8b 0c c8 48 8d 05 ff d8 05
0x00007ffa20fed370:   00 48 89 04 0a 33 c0 48 83 c4 20 5f c3 cc cc cc
0x00007ffa20fed380:   48 89 5c 24 10 44 89 4c 24 20 55 56 57 41 54 41
0x00007ffa20fed390:   55 41 56 41 57 48 81 ec a0 00 00 00 44 8b b4 24
0x00007ffa20fed3a0:   08 01 00 00 45 33 ed 83 bc 24 10 01 00 00 10 45
0x00007ffa20fed3b0:   8b d5 48 8b f1 41 8b e8 8b 8c 24 00 01 00 00 41
0x00007ffa20fed3c0:   0f 94 c2 41 ff c2 89 4c 24 30 41 8b fa 48 8b da
0x00007ffa20fed3d0:   48 8b 06 45 8b f9 41 0f af f9 8b 50 08 44 8b e2
0x00007ffa20fed3e0:   45 0f af e2 44 8b c7 89 94 24 e0 00 00 00 44 0f 


Stack slot to memory mapping:
stack at sp + 0 slots: {method} {0x000001b16dab0700} 'nstbi_load_from_memory' '(JI[I[I[II)J' in 'org/lwjgl/stb/STBImage'
stack at sp + 1 slots: 0x000001b17bb1f0f0 points into unknown readable memory: 0x0000000000000000 | 00 00 00 00 00 00 00 00
stack at sp + 2 slots: 0x0000000000000004 is an unknown value
stack at sp + 3 slots: 0x0000003e90aff360 is pointing into the stack for thread: 0x000001b14f294130
stack at sp + 4 slots: 0x0000003e90aff420 is pointing into the stack for thread: 0x000001b14f294130
stack at sp + 5 slots: 0x00007ffa20fe3b4a lwjgl_stb.dll
stack at sp + 6 slots: 0x00000000000000d1 is an unknown value
stack at sp + 7 slots: 0x0000000000000004 is an unknown value


---------------  P R O C E S S  ---------------

Threads class SMR info:
_java_thread_list=0x000001b17b69c2f0, length=13, elements={
0x000001b14f294130, 0x000001b16d13c710, 0x000001b16d13de40, 0x000001b16d1439b0,
0x000001b16d147400, 0x000001b16d148670, 0x000001b16d14d470, 0x000001b16d14ecf0,
0x000001b16d155c30, 0x000001b16d169370, 0x000001b1714d4aa0, 0x000001b1714dea90,
0x000001b16d156750
}

Java Threads: ( => current thread )
=>0x000001b14f294130 JavaThread "main" [_thread_in_native, id=13324, stack(0x0000003e90a00000,0x0000003e90b00000)]
  0x000001b16d13c710 JavaThread "Reference Handler" daemon [_thread_blocked, id=12804, stack(0x0000003e91100000,0x0000003e91200000)]
  0x000001b16d13de40 JavaThread "Finalizer" daemon [_thread_blocked, id=11440, stack(0x0000003e91200000,0x0000003e91300000)]
  0x000001b16d1439b0 JavaThread "Signal Dispatcher" daemon [_thread_blocked, id=13592, stack(0x0000003e91300000,0x0000003e91400000)]
  0x000001b16d147400 JavaThread "Attach Listener" daemon [_thread_blocked, id=3952, stack(0x0000003e91400000,0x0000003e91500000)]
  0x000001b16d148670 JavaThread "Service Thread" daemon [_thread_blocked, id=16964, stack(0x0000003e91500000,0x0000003e91600000)]
  0x000001b16d14d470 JavaThread "Monitor Deflation Thread" daemon [_thread_blocked, id=18356, stack(0x0000003e91600000,0x0000003e91700000)]
  0x000001b16d14ecf0 JavaThread "C2 CompilerThread0" daemon [_thread_blocked, id=17720, stack(0x0000003e91700000,0x0000003e91800000)]
  0x000001b16d155c30 JavaThread "C1 CompilerThread0" daemon [_thread_blocked, id=5000, stack(0x0000003e91800000,0x0000003e91900000)]
  0x000001b16d169370 JavaThread "Sweeper thread" daemon [_thread_blocked, id=17740, stack(0x0000003e91900000,0x0000003e91a00000)]
  0x000001b1714d4aa0 JavaThread "Notification Thread" daemon [_thread_blocked, id=6768, stack(0x0000003e91a00000,0x0000003e91b00000)]
  0x000001b1714dea90 JavaThread "Common-Cleaner" daemon [_thread_blocked, id=2128, stack(0x0000003e91c00000,0x0000003e91d00000)]
  0x000001b16d156750 JavaThread "C2 CompilerThread1" daemon [_thread_blocked, id=13088, stack(0x0000003e91d00000,0x0000003e91e00000)]

Other Threads:
  0x000001b16d124b40 VMThread "VM Thread" [stack: 0x0000003e91000000,0x0000003e91100000] [id=11576]
  0x000001b1714de630 WatcherThread "VM Periodic Task Thread" [stack: 0x0000003e91b00000,0x0000003e91c00000] [id=12732]
  0x000001b14f2ed340 WorkerThread "GC Thread#0" [stack: 0x0000003e90b00000,0x0000003e90c00000] [id=8084]
  0x000001b14f2fc150 ConcurrentGCThread "G1 Main Marker" [stack: 0x0000003e90c00000,0x0000003e90d00000] [id=16764]
  0x000001b14f2fd230 WorkerThread "G1 Conc#0" [stack: 0x0000003e90d00000,0x0000003e90e00000] [id=12680]
  0x000001b16cfe20c0 ConcurrentGCThread "G1 Refine#0" [stack: 0x0000003e90e00000,0x0000003e90f00000] [id=18240]
  0x000001b16cfe2cb0 ConcurrentGCThread "G1 Service" [stack: 0x0000003e90f00000,0x0000003e91000000] [id=17916]

Threads with active compile tasks:

VM state: not at safepoint (normal execution)

VM Mutex/Monitor currently owned by a thread: None

Heap address: 0x0000000091000000, size: 1776 MB, Compressed Oops mode: 32-bit

CDS archive(s) mapped at: [0x0000000800000000-0x0000000800c40000-0x0000000800c40000), size 12845056, SharedBaseAddress: 0x0000000800000000, ArchiveRelocationMode: 0.
Compressed class space mapped at: 0x0000000801000000-0x0000000841000000, reserved size: 1073741824
Narrow klass base: 0x0000000800000000, Narrow klass shift: 0, Narrow klass range: 0x100000000

GC Precious Log:
 CardTable entry size: 512
 Card Set container configuration: InlinePtr #cards 5 size 8 Array Of Cards #cards 12 size 40 Howl #buckets 4 coarsen threshold 1843 Howl Bitmap #cards 512 size 80 coarsen threshold 460 Card regions per heap region 1 cards per card region 2048
 CPUs: 8 total, 8 available
 Memory: 7101M
 Large Page Support: Disabled
 NUMA Support: Disabled
 Compressed Oops: Enabled (32-bit)
 Heap Region Size: 1M
 Heap Min Capacity: 8M
 Heap Initial Capacity: 112M
 Heap Max Capacity: 1776M
 Pre-touch: Disabled
 Parallel Workers: 8
 Concurrent Workers: 2
 Concurrent Refinement Workers: 8
 Periodic GC: Disabled

Heap:
 garbage-first heap   total 114688K, used 13312K [0x0000000091000000, 0x0000000100000000)
  region size 1024K, 15 young (15360K), 0 survivors (0K)
 Metaspace       used 7367K, committed 7552K, reserved 1114112K
  class space    used 397K, committed 448K, reserved 1048576K

Heap Regions: E=young(eden), S=young(survivor), O=old, HS=humongous(starts), HC=humongous(continues), CS=collection set, F=free, OA=open archive, CA=closed archive, TAMS=top-at-mark-start (previous, next)
|   0|0x0000000091000000, 0x0000000091000000, 0x0000000091100000|  0%| F|  |TAMS 0x0000000091000000, 0x0000000091000000| Untracked 
|   1|0x0000000091100000, 0x0000000091100000, 0x0000000091200000|  0%| F|  |TAMS 0x0000000091100000, 0x0000000091100000| Untracked 
|   2|0x0000000091200000, 0x0000000091200000, 0x0000000091300000|  0%| F|  |TAMS 0x0000000091200000, 0x0000000091200000| Untracked 
|   3|0x0000000091300000, 0x0000000091300000, 0x0000000091400000|  0%| F|  |TAMS 0x0000000091300000, 0x0000000091300000| Untracked 
|   4|0x0000000091400000, 0x0000000091400000, 0x0000000091500000|  0%| F|  |TAMS 0x0000000091400000, 0x0000000091400000| Untracked 
|   5|0x0000000091500000, 0x0000000091500000, 0x0000000091600000|  0%| F|  |TAMS 0x0000000091500000, 0x0000000091500000| Untracked 
|   6|0x0000000091600000, 0x0000000091600000, 0x0000000091700000|  0%| F|  |TAMS 0x0000000091600000, 0x0000000091600000| Untracked 
|   7|0x0000000091700000, 0x0000000091700000, 0x0000000091800000|  0%| F|  |TAMS 0x0000000091700000, 0x0000000091700000| Untracked 
|   8|0x0000000091800000, 0x0000000091800000, 0x0000000091900000|  0%| F|  |TAMS 0x0000000091800000, 0x0000000091800000| Untracked 
|   9|0x0000000091900000, 0x0000000091900000, 0x0000000091a00000|  0%| F|  |TAMS 0x0000000091900000, 0x0000000091900000| Untracked 
|  10|0x0000000091a00000, 0x0000000091a00000, 0x0000000091b00000|  0%| F|  |TAMS 0x0000000091a00000, 0x0000000091a00000| Untracked 
|  11|0x0000000091b00000, 0x0000000091b00000, 0x0000000091c00000|  0%| F|  |TAMS 0x0000000091b00000, 0x0000000091b00000| Untracked 
|  12|0x0000000091c00000, 0x0000000091c00000, 0x0000000091d00000|  0%| F|  |TAMS 0x0000000091c00000, 0x0000000091c00000| Untracked 
|  13|0x0000000091d00000, 0x0000000091d00000, 0x0000000091e00000|  0%| F|  |TAMS 0x0000000091d00000, 0x0000000091d00000| Untracked 
|  14|0x0000000091e00000, 0x0000000091e00000, 0x0000000091f00000|  0%| F|  |TAMS 0x0000000091e00000, 0x0000000091e00000| Untracked 
|  15|0x0000000091f00000, 0x0000000091f00000, 0x0000000092000000|  0%| F|  |TAMS 0x0000000091f00000, 0x0000000091f00000| Untracked 
|  16|0x0000000092000000, 0x0000000092000000, 0x0000000092100000|  0%| F|  |TAMS 0x0000000092000000, 0x0000000092000000| Untracked 
|  17|0x0000000092100000, 0x0000000092100000, 0x0000000092200000|  0%| F|  |TAMS 0x0000000092100000, 0x0000000092100000| Untracked 
|  18|0x0000000092200000, 0x0000000092200000, 0x0000000092300000|  0%| F|  |TAMS 0x0000000092200000, 0x0000000092200000| Untracked 
|  19|0x0000000092300000, 0x0000000092300000, 0x0000000092400000|  0%| F|  |TAMS 0x0000000092300000, 0x0000000092300000| Untracked 
|  20|0x0000000092400000, 0x0000000092400000, 0x0000000092500000|  0%| F|  |TAMS 0x0000000092400000, 0x0000000092400000| Untracked 
|  21|0x0000000092500000, 0x0000000092500000, 0x0000000092600000|  0%| F|  |TAMS 0x0000000092500000, 0x0000000092500000| Untracked 
|  22|0x0000000092600000, 0x0000000092600000, 0x0000000092700000|  0%| F|  |TAMS 0x0000000092600000, 0x0000000092600000| Untracked 
|  23|0x0000000092700000, 0x0000000092700000, 0x0000000092800000|  0%| F|  |TAMS 0x0000000092700000, 0x0000000092700000| Untracked 
|  24|0x0000000092800000, 0x0000000092800000, 0x0000000092900000|  0%| F|  |TAMS 0x0000000092800000, 0x0000000092800000| Untracked 
|  25|0x0000000092900000, 0x0000000092900000, 0x0000000092a00000|  0%| F|  |TAMS 0x0000000092900000, 0x0000000092900000| Untracked 
|  26|0x0000000092a00000, 0x0000000092a00000, 0x0000000092b00000|  0%| F|  |TAMS 0x0000000092a00000, 0x0000000092a00000| Untracked 
|  27|0x0000000092b00000, 0x0000000092b00000, 0x0000000092c00000|  0%| F|  |TAMS 0x0000000092b00000, 0x0000000092b00000| Untracked 
|  28|0x0000000092c00000, 0x0000000092c00000, 0x0000000092d00000|  0%| F|  |TAMS 0x0000000092c00000, 0x0000000092c00000| Untracked 
|  29|0x0000000092d00000, 0x0000000092d00000, 0x0000000092e00000|  0%| F|  |TAMS 0x0000000092d00000, 0x0000000092d00000| Untracked 
|  30|0x0000000092e00000, 0x0000000092e00000, 0x0000000092f00000|  0%| F|  |TAMS 0x0000000092e00000, 0x0000000092e00000| Untracked 
|  31|0x0000000092f00000, 0x0000000092f00000, 0x0000000093000000|  0%| F|  |TAMS 0x0000000092f00000, 0x0000000092f00000| Untracked 
|  32|0x0000000093000000, 0x0000000093000000, 0x0000000093100000|  0%| F|  |TAMS 0x0000000093000000, 0x0000000093000000| Untracked 
|  33|0x0000000093100000, 0x0000000093100000, 0x0000000093200000|  0%| F|  |TAMS 0x0000000093100000, 0x0000000093100000| Untracked 
|  34|0x0000000093200000, 0x0000000093200000, 0x0000000093300000|  0%| F|  |TAMS 0x0000000093200000, 0x0000000093200000| Untracked 
|  35|0x0000000093300000, 0x0000000093300000, 0x0000000093400000|  0%| F|  |TAMS 0x0000000093300000, 0x0000000093300000| Untracked 
|  36|0x0000000093400000, 0x0000000093400000, 0x0000000093500000|  0%| F|  |TAMS 0x0000000093400000, 0x0000000093400000| Untracked 
|  37|0x0000000093500000, 0x0000000093500000, 0x0000000093600000|  0%| F|  |TAMS 0x0000000093500000, 0x0000000093500000| Untracked 
|  38|0x0000000093600000, 0x0000000093600000, 0x0000000093700000|  0%| F|  |TAMS 0x0000000093600000, 0x0000000093600000| Untracked 
|  39|0x0000000093700000, 0x0000000093700000, 0x0000000093800000|  0%| F|  |TAMS 0x0000000093700000, 0x0000000093700000| Untracked 
|  40|0x0000000093800000, 0x0000000093800000, 0x0000000093900000|  0%| F|  |TAMS 0x0000000093800000, 0x0000000093800000| Untracked 
|  41|0x0000000093900000, 0x0000000093900000, 0x0000000093a00000|  0%| F|  |TAMS 0x0000000093900000, 0x0000000093900000| Untracked 
|  42|0x0000000093a00000, 0x0000000093a00000, 0x0000000093b00000|  0%| F|  |TAMS 0x0000000093a00000, 0x0000000093a00000| Untracked 
|  43|0x0000000093b00000, 0x0000000093b00000, 0x0000000093c00000|  0%| F|  |TAMS 0x0000000093b00000, 0x0000000093b00000| Untracked 
|  44|0x0000000093c00000, 0x0000000093c00000, 0x0000000093d00000|  0%| F|  |TAMS 0x0000000093c00000, 0x0000000093c00000| Untracked 
|  45|0x0000000093d00000, 0x0000000093d00000, 0x0000000093e00000|  0%| F|  |TAMS 0x0000000093d00000, 0x0000000093d00000| Untracked 
|  46|0x0000000093e00000, 0x0000000093e00000, 0x0000000093f00000|  0%| F|  |TAMS 0x0000000093e00000, 0x0000000093e00000| Untracked 
|  47|0x0000000093f00000, 0x0000000093f00000, 0x0000000094000000|  0%| F|  |TAMS 0x0000000093f00000, 0x0000000093f00000| Untracked 
|  48|0x0000000094000000, 0x0000000094000000, 0x0000000094100000|  0%| F|  |TAMS 0x0000000094000000, 0x0000000094000000| Untracked 
|  49|0x0000000094100000, 0x0000000094100000, 0x0000000094200000|  0%| F|  |TAMS 0x0000000094100000, 0x0000000094100000| Untracked 
|  50|0x0000000094200000, 0x0000000094200000, 0x0000000094300000|  0%| F|  |TAMS 0x0000000094200000, 0x0000000094200000| Untracked 
|  51|0x0000000094300000, 0x0000000094300000, 0x0000000094400000|  0%| F|  |TAMS 0x0000000094300000, 0x0000000094300000| Untracked 
|  52|0x0000000094400000, 0x0000000094400000, 0x0000000094500000|  0%| F|  |TAMS 0x0000000094400000, 0x0000000094400000| Untracked 
|  53|0x0000000094500000, 0x0000000094500000, 0x0000000094600000|  0%| F|  |TAMS 0x0000000094500000, 0x0000000094500000| Untracked 
|  54|0x0000000094600000, 0x0000000094600000, 0x0000000094700000|  0%| F|  |TAMS 0x0000000094600000, 0x0000000094600000| Untracked 
|  55|0x0000000094700000, 0x0000000094700000, 0x0000000094800000|  0%| F|  |TAMS 0x0000000094700000, 0x0000000094700000| Untracked 
|  56|0x0000000094800000, 0x0000000094800000, 0x0000000094900000|  0%| F|  |TAMS 0x0000000094800000, 0x0000000094800000| Untracked 
|  57|0x0000000094900000, 0x0000000094900000, 0x0000000094a00000|  0%| F|  |TAMS 0x0000000094900000, 0x0000000094900000| Untracked 
|  58|0x0000000094a00000, 0x0000000094a00000, 0x0000000094b00000|  0%| F|  |TAMS 0x0000000094a00000, 0x0000000094a00000| Untracked 
|  59|0x0000000094b00000, 0x0000000094b00000, 0x0000000094c00000|  0%| F|  |TAMS 0x0000000094b00000, 0x0000000094b00000| Untracked 
|  60|0x0000000094c00000, 0x0000000094c00000, 0x0000000094d00000|  0%| F|  |TAMS 0x0000000094c00000, 0x0000000094c00000| Untracked 
|  61|0x0000000094d00000, 0x0000000094d00000, 0x0000000094e00000|  0%| F|  |TAMS 0x0000000094d00000, 0x0000000094d00000| Untracked 
|  62|0x0000000094e00000, 0x0000000094e00000, 0x0000000094f00000|  0%| F|  |TAMS 0x0000000094e00000, 0x0000000094e00000| Untracked 
|  63|0x0000000094f00000, 0x0000000094f00000, 0x0000000095000000|  0%| F|  |TAMS 0x0000000094f00000, 0x0000000094f00000| Untracked 
|  64|0x0000000095000000, 0x0000000095000000, 0x0000000095100000|  0%| F|  |TAMS 0x0000000095000000, 0x0000000095000000| Untracked 
|  65|0x0000000095100000, 0x0000000095100000, 0x0000000095200000|  0%| F|  |TAMS 0x0000000095100000, 0x0000000095100000| Untracked 
|  66|0x0000000095200000, 0x0000000095200000, 0x0000000095300000|  0%| F|  |TAMS 0x0000000095200000, 0x0000000095200000| Untracked 
|  67|0x0000000095300000, 0x0000000095300000, 0x0000000095400000|  0%| F|  |TAMS 0x0000000095300000, 0x0000000095300000| Untracked 
|  68|0x0000000095400000, 0x0000000095400000, 0x0000000095500000|  0%| F|  |TAMS 0x0000000095400000, 0x0000000095400000| Untracked 
|  69|0x0000000095500000, 0x0000000095500000, 0x0000000095600000|  0%| F|  |TAMS 0x0000000095500000, 0x0000000095500000| Untracked 
|  70|0x0000000095600000, 0x0000000095600000, 0x0000000095700000|  0%| F|  |TAMS 0x0000000095600000, 0x0000000095600000| Untracked 
|  71|0x0000000095700000, 0x0000000095700000, 0x0000000095800000|  0%| F|  |TAMS 0x0000000095700000, 0x0000000095700000| Untracked 
|  72|0x0000000095800000, 0x0000000095800000, 0x0000000095900000|  0%| F|  |TAMS 0x0000000095800000, 0x0000000095800000| Untracked 
|  73|0x0000000095900000, 0x0000000095900000, 0x0000000095a00000|  0%| F|  |TAMS 0x0000000095900000, 0x0000000095900000| Untracked 
|  74|0x0000000095a00000, 0x0000000095a00000, 0x0000000095b00000|  0%| F|  |TAMS 0x0000000095a00000, 0x0000000095a00000| Untracked 
|  75|0x0000000095b00000, 0x0000000095b00000, 0x0000000095c00000|  0%| F|  |TAMS 0x0000000095b00000, 0x0000000095b00000| Untracked 
|  76|0x0000000095c00000, 0x0000000095c00000, 0x0000000095d00000|  0%| F|  |TAMS 0x0000000095c00000, 0x0000000095c00000| Untracked 
|  77|0x0000000095d00000, 0x0000000095d00000, 0x0000000095e00000|  0%| F|  |TAMS 0x0000000095d00000, 0x0000000095d00000| Untracked 
|  78|0x0000000095e00000, 0x0000000095e00000, 0x0000000095f00000|  0%| F|  |TAMS 0x0000000095e00000, 0x0000000095e00000| Untracked 
|  79|0x0000000095f00000, 0x0000000095f00000, 0x0000000096000000|  0%| F|  |TAMS 0x0000000095f00000, 0x0000000095f00000| Untracked 
|  80|0x0000000096000000, 0x0000000096000000, 0x0000000096100000|  0%| F|  |TAMS 0x0000000096000000, 0x0000000096000000| Untracked 
|  81|0x0000000096100000, 0x0000000096100000, 0x0000000096200000|  0%| F|  |TAMS 0x0000000096100000, 0x0000000096100000| Untracked 
|  82|0x0000000096200000, 0x0000000096200000, 0x0000000096300000|  0%| F|  |TAMS 0x0000000096200000, 0x0000000096200000| Untracked 
|  83|0x0000000096300000, 0x0000000096300000, 0x0000000096400000|  0%| F|  |TAMS 0x0000000096300000, 0x0000000096300000| Untracked 
|  84|0x0000000096400000, 0x0000000096400000, 0x0000000096500000|  0%| F|  |TAMS 0x0000000096400000, 0x0000000096400000| Untracked 
|  85|0x0000000096500000, 0x0000000096500000, 0x0000000096600000|  0%| F|  |TAMS 0x0000000096500000, 0x0000000096500000| Untracked 
|  86|0x0000000096600000, 0x0000000096600000, 0x0000000096700000|  0%| F|  |TAMS 0x0000000096600000, 0x0000000096600000| Untracked 
|  87|0x0000000096700000, 0x0000000096700000, 0x0000000096800000|  0%| F|  |TAMS 0x0000000096700000, 0x0000000096700000| Untracked 
|  88|0x0000000096800000, 0x0000000096800000, 0x0000000096900000|  0%| F|  |TAMS 0x0000000096800000, 0x0000000096800000| Untracked 
|  89|0x0000000096900000, 0x0000000096900000, 0x0000000096a00000|  0%| F|  |TAMS 0x0000000096900000, 0x0000000096900000| Untracked 
|  90|0x0000000096a00000, 0x0000000096a00000, 0x0000000096b00000|  0%| F|  |TAMS 0x0000000096a00000, 0x0000000096a00000| Untracked 
|  91|0x0000000096b00000, 0x0000000096b00000, 0x0000000096c00000|  0%| F|  |TAMS 0x0000000096b00000, 0x0000000096b00000| Untracked 
|  92|0x0000000096c00000, 0x0000000096c00000, 0x0000000096d00000|  0%| F|  |TAMS 0x0000000096c00000, 0x0000000096c00000| Untracked 
|  93|0x0000000096d00000, 0x0000000096d00000, 0x0000000096e00000|  0%| F|  |TAMS 0x0000000096d00000, 0x0000000096d00000| Untracked 
|  94|0x0000000096e00000, 0x0000000096e00000, 0x0000000096f00000|  0%| F|  |TAMS 0x0000000096e00000, 0x0000000096e00000| Untracked 
|  95|0x0000000096f00000, 0x0000000096f00000, 0x0000000097000000|  0%| F|  |TAMS 0x0000000096f00000, 0x0000000096f00000| Untracked 
|  96|0x0000000097000000, 0x0000000097000000, 0x0000000097100000|  0%| F|  |TAMS 0x0000000097000000, 0x0000000097000000| Untracked 
|  97|0x0000000097100000, 0x0000000097198420, 0x0000000097200000| 59%| E|  |TAMS 0x0000000097100000, 0x0000000097100000| Complete 
|  98|0x0000000097200000, 0x0000000097300000, 0x0000000097300000|100%| E|  |TAMS 0x0000000097200000, 0x0000000097200000| Complete 
|  99|0x0000000097300000, 0x0000000097400000, 0x0000000097400000|100%| E|CS|TAMS 0x0000000097300000, 0x0000000097300000| Complete 
| 100|0x0000000097400000, 0x0000000097500000, 0x0000000097500000|100%| E|CS|TAMS 0x0000000097400000, 0x0000000097400000| Complete 
| 101|0x0000000097500000, 0x0000000097600000, 0x0000000097600000|100%| E|CS|TAMS 0x0000000097500000, 0x0000000097500000| Complete 
| 102|0x0000000097600000, 0x0000000097700000, 0x0000000097700000|100%| E|CS|TAMS 0x0000000097600000, 0x0000000097600000| Complete 
| 103|0x0000000097700000, 0x0000000097800000, 0x0000000097800000|100%| E|CS|TAMS 0x0000000097700000, 0x0000000097700000| Complete 
| 104|0x0000000097800000, 0x0000000097900000, 0x0000000097900000|100%| E|CS|TAMS 0x0000000097800000, 0x0000000097800000| Complete 
| 105|0x0000000097900000, 0x0000000097a00000, 0x0000000097a00000|100%| E|CS|TAMS 0x0000000097900000, 0x0000000097900000| Complete 
| 106|0x0000000097a00000, 0x0000000097b00000, 0x0000000097b00000|100%| E|CS|TAMS 0x0000000097a00000, 0x0000000097a00000| Complete 
| 107|0x0000000097b00000, 0x0000000097c00000, 0x0000000097c00000|100%| E|CS|TAMS 0x0000000097b00000, 0x0000000097b00000| Complete 
| 108|0x0000000097c00000, 0x0000000097d00000, 0x0000000097d00000|100%| E|CS|TAMS 0x0000000097c00000, 0x0000000097c00000| Complete 
| 109|0x0000000097d00000, 0x0000000097e00000, 0x0000000097e00000|100%| E|CS|TAMS 0x0000000097d00000, 0x0000000097d00000| Complete 
| 110|0x0000000097e00000, 0x0000000097f00000, 0x0000000097f00000|100%| E|CS|TAMS 0x0000000097e00000, 0x0000000097e00000| Complete 
| 111|0x0000000097f00000, 0x0000000098000000, 0x0000000098000000|100%| E|CS|TAMS 0x0000000097f00000, 0x0000000097f00000| Complete 

Card table byte_map: [0x000001b1668a0000,0x000001b166c20000] _byte_map_base: 0x000001b166418000

Marking Bits (Prev, Next): (CMBitMap*) 0x000001b14f2ed880, (CMBitMap*) 0x000001b14f2ed8c0
 Prev Bits: [0x000001b166fa0000, 0x000001b168b60000)
 Next Bits: [0x000001b168b60000, 0x000001b16a720000)

Polling page: 0x000001b14d160000

Metaspace:

Usage:
  Non-class:      6.81 MB used.
      Class:    397.77 KB used.
       Both:      7.19 MB used.

Virtual space:
  Non-class space:       64.00 MB reserved,       6.94 MB ( 11%) committed,  1 nodes.
      Class space:        1.00 GB reserved,     448.00 KB ( <1%) committed,  1 nodes.
             Both:        1.06 GB reserved,       7.38 MB ( <1%) committed. 

Chunk freelists:
   Non-Class:  3.29 MB
       Class:  3.51 MB
        Both:  6.80 MB

MaxMetaspaceSize: unlimited
CompressedClassSpaceSize: 1.00 GB
Initial GC threshold: 21.00 MB
Current GC threshold: 21.00 MB
CDS: on
MetaspaceReclaimPolicy: balanced
 - commit_granule_bytes: 65536.
 - commit_granule_words: 8192.
 - virtual_space_node_default_size: 8388608.
 - enlarge_chunks_in_place: 1.
 - new_chunks_are_fully_committed: 0.
 - uncommit_free_chunks: 1.
 - use_allocation_guard: 0.


Internal statistics:

num_allocs_failed_limit: 0.
num_arena_births: 120.
num_arena_deaths: 0.
num_vsnodes_births: 2.
num_vsnodes_deaths: 0.
num_space_committed: 116.
num_space_uncommitted: 0.
num_chunks_returned_to_freelist: 0.
num_chunks_taken_from_freelist: 322.
num_chunk_merges: 0.
num_chunk_splits: 230.
num_chunks_enlarged: 174.
num_inconsistent_stats: 0.

CodeHeap 'non-profiled nmethods': size=120000Kb used=438Kb max_used=438Kb free=119561Kb
 bounds [0x000001b15ecc0000, 0x000001b15ef30000, 0x000001b1661f0000]
CodeHeap 'profiled nmethods': size=120000Kb used=1675Kb max_used=1675Kb free=118324Kb
 bounds [0x000001b1571f0000, 0x000001b157460000, 0x000001b15e720000]
CodeHeap 'non-nmethods': size=5760Kb used=1960Kb max_used=1973Kb free=3799Kb
 bounds [0x000001b15e720000, 0x000001b15e990000, 0x000001b15ecc0000]
 total_blobs=2461 nmethods=1066 adapters=1306
 compilation: enabled
              stopped_count=0, restarted_count=0
 full_count=0

Compilation events (20 events):
Event: 2.012 Thread 0x000001b16d155c30 1057       3       java.lang.invoke.MemberName::getType (19 bytes)
Event: 2.012 Thread 0x000001b16d155c30 nmethod 1057 0x000001b15738e310 code [0x000001b15738e500, 0x000001b15738e8b8]
Event: 2.012 Thread 0x000001b16d155c30 1058       3       java.lang.invoke.DirectMethodHandle::maybeCompile (24 bytes)
Event: 2.012 Thread 0x000001b16d155c30 nmethod 1058 0x000001b15738ea10 code [0x000001b15738ebe0, 0x000001b15738edf8]
Event: 2.013 Thread 0x000001b16d155c30 1059       3       java.util.ImmutableCollections$Set12::iterator (9 bytes)
Event: 2.013 Thread 0x000001b16d155c30 nmethod 1059 0x000001b15738ef10 code [0x000001b15738f0c0, 0x000001b15738f3b8]
Event: 2.013 Thread 0x000001b16d155c30 1060       3       java.util.ImmutableCollections$Set12$1::<init> (32 bytes)
Event: 2.013 Thread 0x000001b16d155c30 nmethod 1060 0x000001b15738f490 code [0x000001b15738f640, 0x000001b15738f878]
Event: 2.014 Thread 0x000001b16d155c30 1061       3       java.util.ArrayList::grow (60 bytes)
Event: 2.015 Thread 0x000001b16d155c30 nmethod 1061 0x000001b15738f990 code [0x000001b15738fba0, 0x000001b1573901f8]
Event: 2.015 Thread 0x000001b16d155c30 1062       3       java.util.AbstractList::<init> (10 bytes)
Event: 2.015 Thread 0x000001b16d155c30 nmethod 1062 0x000001b157390410 code [0x000001b1573905c0, 0x000001b157390798]
Event: 2.015 Thread 0x000001b16d155c30 1063       3       java.util.LinkedList::add (7 bytes)
Event: 2.015 Thread 0x000001b16d155c30 nmethod 1063 0x000001b157390890 code [0x000001b157390a40, 0x000001b157390b88]
Event: 2.015 Thread 0x000001b16d155c30 1064       3       java.util.stream.ReferencePipeline$4$1::accept (23 bytes)
Event: 2.015 Thread 0x000001b16d155c30 nmethod 1064 0x000001b157390c10 code [0x000001b157390dc0, 0x000001b157391078]
Event: 2.015 Thread 0x000001b16d155c30 1065       3       java.util.LinkedList$Node::<init> (20 bytes)
Event: 2.015 Thread 0x000001b16d155c30 nmethod 1065 0x000001b157391190 code [0x000001b157391340, 0x000001b1573915b8]
Event: 2.015 Thread 0x000001b16d155c30 1066       3       java.util.stream.Nodes$IntFixedNodeBuilder::accept (61 bytes)
Event: 2.016 Thread 0x000001b16d155c30 nmethod 1066 0x000001b157391690 code [0x000001b157391940, 0x000001b157392758]

GC Heap History (0 events):
No events

Dll operation events (11 events):
Event: 0.016 Loaded shared library C:\Program Files\Java\jdk-19\bin\java.dll
Event: 0.032 Loaded shared library C:\Program Files\Java\jdk-19\bin\jsvml.dll
Event: 0.166 Loaded shared library C:\Program Files\Java\jdk-19\bin\net.dll
Event: 0.169 Loaded shared library C:\Program Files\Java\jdk-19\bin\nio.dll
Event: 0.174 Loaded shared library C:\Program Files\Java\jdk-19\bin\zip.dll
Event: 0.265 Loaded shared library C:\Program Files\Java\jdk-19\bin\jimage.dll
Event: 0.300 Loaded shared library C:\Users\Owner\AppData\Local\Temp\lwjgl_Owner\3.3.3+5\x64\lwjgl.dll
Event: 0.630 Loaded shared library C:\Users\Owner\AppData\Local\Temp\lwjgl_Owner\3.3.3+5\x64\lwjgl_opengl.dll
Event: 0.715 Loaded shared library C:\Program Files\Java\jdk-19\bin\verify.dll
Event: 0.805 Loaded shared library C:\Users\Owner\AppData\Local\Temp\lwjgl_Owner\3.3.3+5\x64\lwjgl_stb.dll
Event: 1.930 Loaded shared library C:\Users\Owner\AppData\Local\Temp\opencv_openpnp9156840355490567831\nu\pattern\opencv\windows\x86_64\opencv_java490.dll

Deoptimization events (20 events):
Event: 0.692 Thread 0x000001b14f294130 DEOPT PACKING pc=0x000001b15ecf2a7c sp=0x0000003e90aff450
Event: 0.692 Thread 0x000001b14f294130 DEOPT UNPACKING pc=0x000001b15e786da3 sp=0x0000003e90aff3d8 mode 2
Event: 0.768 Thread 0x000001b14f294130 DEOPT PACKING pc=0x000001b15722c865 sp=0x0000003e90af7de0
Event: 0.768 Thread 0x000001b14f294130 DEOPT UNPACKING pc=0x000001b15e787543 sp=0x0000003e90af7230 mode 0
Event: 0.785 Thread 0x000001b14f294130 Uncommon trap: trap_request=0xffffff45 fr.pc=0x000001b15ecd7f38 relative=0x0000000000000038
Event: 0.785 Thread 0x000001b14f294130 Uncommon trap: reason=unstable_if action=reinterpret pc=0x000001b15ecd7f38 method=java.lang.StringLatin1.canEncode(I)Z @ 4 c2
Event: 0.785 Thread 0x000001b14f294130 DEOPT PACKING pc=0x000001b15ecd7f38 sp=0x0000003e90aff2d0
Event: 0.785 Thread 0x000001b14f294130 DEOPT UNPACKING pc=0x000001b15e786da3 sp=0x0000003e90aff260 mode 2
Event: 0.826 Thread 0x000001b14f294130 Uncommon trap: trap_request=0xffffff45 fr.pc=0x000001b15ecdcd7c relative=0x000000000000005c
Event: 0.826 Thread 0x000001b14f294130 Uncommon trap: reason=unstable_if action=reinterpret pc=0x000001b15ecdcd7c method=java.lang.AbstractStringBuilder.isLatin1()Z @ 10 c2
Event: 0.826 Thread 0x000001b14f294130 DEOPT PACKING pc=0x000001b15ecdcd7c sp=0x0000003e90aff2d0
Event: 0.826 Thread 0x000001b14f294130 DEOPT UNPACKING pc=0x000001b15e786da3 sp=0x0000003e90aff260 mode 2
Event: 0.925 Thread 0x000001b14f294130 Uncommon trap: trap_request=0xffffff45 fr.pc=0x000001b15ecff8d8 relative=0x0000000000000138
Event: 0.925 Thread 0x000001b14f294130 Uncommon trap: reason=unstable_if action=reinterpret pc=0x000001b15ecff8d8 method=java.util.concurrent.locks.ReentrantLock$NonfairSync.initialTryLock()Z @ 10 c2
Event: 0.925 Thread 0x000001b14f294130 DEOPT PACKING pc=0x000001b15ecff8d8 sp=0x0000003e90afeff0
Event: 0.925 Thread 0x000001b14f294130 DEOPT UNPACKING pc=0x000001b15e786da3 sp=0x0000003e90afef98 mode 2
Event: 0.925 Thread 0x000001b14f294130 Uncommon trap: trap_request=0xffffff45 fr.pc=0x000001b15ecff4dc relative=0x00000000000000bc
Event: 0.925 Thread 0x000001b14f294130 Uncommon trap: reason=unstable_if action=reinterpret pc=0x000001b15ecff4dc method=java.util.concurrent.locks.ReentrantLock$Sync.tryRelease(I)Z @ 26 c2
Event: 0.925 Thread 0x000001b14f294130 DEOPT PACKING pc=0x000001b15ecff4dc sp=0x0000003e90afeff0
Event: 0.925 Thread 0x000001b14f294130 DEOPT UNPACKING pc=0x000001b15e786da3 sp=0x0000003e90afef90 mode 2

Classes loaded (20 events):
Event: 2.009 Loading class java/util/AbstractSequentialList done
Event: 2.009 Loading class java/util/LinkedList done
Event: 2.011 Loading class java/util/LinkedList$Node
Event: 2.011 Loading class java/util/LinkedList$Node done
Event: 2.012 Loading class java/util/LinkedList$LLSpliterator
Event: 2.012 Loading class java/util/LinkedList$LLSpliterator done
Event: 2.012 Loading class java/util/stream/ReferencePipeline$4
Event: 2.012 Loading class java/util/stream/ReferencePipeline$4 done
Event: 2.013 Loading class java/util/stream/Nodes$IntFixedNodeBuilder
Event: 2.013 Loading class java/util/stream/Node$Builder$OfInt
Event: 2.013 Loading class java/util/stream/Node$Builder$OfInt done
Event: 2.013 Loading class java/util/stream/Nodes$IntArrayNode
Event: 2.013 Loading class java/util/stream/Nodes$IntArrayNode done
Event: 2.013 Loading class java/util/stream/Nodes$IntFixedNodeBuilder done
Event: 2.014 Loading class java/util/stream/ReferencePipeline$4$1
Event: 2.014 Loading class java/util/stream/ReferencePipeline$4$1 done
Event: 2.014 Loading class java/awt/Polygon
Event: 2.014 Loading class java/awt/Shape
Event: 2.014 Loading class java/awt/Shape done
Event: 2.014 Loading class java/awt/Polygon done

Classes unloaded (0 events):
No events

Classes redefined (0 events):
No events

Internal exceptions (20 events):
Event: 0.802 Thread 0x000001b14f294130 Exception <a 'sun/nio/fs/WindowsException'{0x0000000097647298}> (0x0000000097647298) 
thrown [s\open\src\hotspot\share\prims\jni.cpp, line 517]
Event: 0.802 Thread 0x000001b14f294130 Exception <a 'sun/nio/fs/WindowsException'{0x0000000097647618}> (0x0000000097647618) 
thrown [s\open\src\hotspot\share\prims\jni.cpp, line 517]
Event: 1.113 Thread 0x000001b14f294130 Exception <a 'java/lang/NoSuchMethodError'{0x000000009720cf90}: 'java.lang.Object java.lang.invoke.DirectMethodHandle$Holder.invokeStaticInit(java.lang.Object, int, int, int, int)'> (0x000000009720cf90) 
thrown [s\open\src\hotspot\share\interpreter\linkResolver.cpp, line 774]
Event: 1.168 Thread 0x000001b14f294130 Exception <a 'java/lang/NoSuchMethodError'{0x000000009723dce8}: 'java.lang.Object java.lang.invoke.DirectMethodHandle$Holder.invokeStaticInit(java.lang.Object, java.lang.Object, int, int, int, int)'> (0x000000009723dce8) 
thrown [s\open\src\hotspot\share\interpreter\linkResolver.cpp, line 774]
Event: 1.178 Thread 0x000001b14f294130 Exception <a 'sun/nio/fs/WindowsException'{0x00000000972543c0}> (0x00000000972543c0) 
thrown [s\open\src\hotspot\share\prims\jni.cpp, line 517]
Event: 1.190 Thread 0x000001b14f294130 Exception <a 'sun/nio/fs/WindowsException'{0x000000009725ced8}> (0x000000009725ced8) 
thrown [s\open\src\hotspot\share\prims\jni.cpp, line 517]
Event: 1.194 Thread 0x000001b14f294130 Exception <a 'sun/nio/fs/WindowsException'{0x000000009725f638}> (0x000000009725f638) 
thrown [s\open\src\hotspot\share\prims\jni.cpp, line 517]
Event: 1.194 Thread 0x000001b14f294130 Exception <a 'sun/nio/fs/WindowsException'{0x000000009725fb80}> (0x000000009725fb80) 
thrown [s\open\src\hotspot\share\prims\jni.cpp, line 517]
Event: 1.194 Thread 0x000001b14f294130 Exception <a 'sun/nio/fs/WindowsException'{0x000000009725fee0}> (0x000000009725fee0) 
thrown [s\open\src\hotspot\share\prims\jni.cpp, line 517]
Event: 1.194 Thread 0x000001b14f294130 Exception <a 'sun/nio/fs/WindowsException'{0x0000000097260668}> (0x0000000097260668) 
thrown [s\open\src\hotspot\share\prims\jni.cpp, line 517]
Event: 1.194 Thread 0x000001b14f294130 Exception <a 'sun/nio/fs/WindowsException'{0x0000000097260998}> (0x0000000097260998) 
thrown [s\open\src\hotspot\share\prims\jni.cpp, line 517]
Event: 1.194 Thread 0x000001b14f294130 Exception <a 'sun/nio/fs/WindowsException'{0x0000000097261108}> (0x0000000097261108) 
thrown [s\open\src\hotspot\share\prims\jni.cpp, line 517]
Event: 1.194 Thread 0x000001b14f294130 Exception <a 'sun/nio/fs/WindowsException'{0x0000000097261408}> (0x0000000097261408) 
thrown [s\open\src\hotspot\share\prims\jni.cpp, line 517]
Event: 1.194 Thread 0x000001b14f294130 Exception <a 'sun/nio/fs/WindowsException'{0x0000000097261b60}> (0x0000000097261b60) 
thrown [s\open\src\hotspot\share\prims\jni.cpp, line 517]
Event: 1.194 Thread 0x000001b14f294130 Exception <a 'sun/nio/fs/WindowsException'{0x0000000097261e30}> (0x0000000097261e30) 
thrown [s\open\src\hotspot\share\prims\jni.cpp, line 517]
Event: 1.195 Thread 0x000001b14f294130 Exception <a 'sun/nio/fs/WindowsException'{0x0000000097262580}> (0x0000000097262580) 
thrown [s\open\src\hotspot\share\prims\jni.cpp, line 517]
Event: 1.195 Thread 0x000001b14f294130 Exception <a 'sun/nio/fs/WindowsException'{0x0000000097262848}> (0x0000000097262848) 
thrown [s\open\src\hotspot\share\prims\jni.cpp, line 517]
Event: 1.195 Thread 0x000001b14f294130 Exception <a 'sun/nio/fs/WindowsException'{0x0000000097262f38}> (0x0000000097262f38) 
thrown [s\open\src\hotspot\share\prims\jni.cpp, line 517]
Event: 2.010 Thread 0x000001b14f294130 Exception <a 'java/lang/NoSuchMethodError'{0x0000000097140c60}: 'java.lang.Object java.lang.invoke.DirectMethodHandle$Holder.newInvokeSpecial(java.lang.Object, java.lang.Object, int, java.lang.Object)'> (0x0000000097140c60) 
thrown [s\open\src\hotspot\share\interpreter\linkResolver.cpp, line 774]
Event: 2.011 Thread 0x000001b14f294130 Exception <a 'java/lang/NoSuchMethodError'{0x0000000097144ae8}: 'java.lang.Object java.lang.invoke.DirectMethodHandle$Holder.invokeSpecial(java.lang.Object, java.lang.Object, java.lang.Object, int, java.lang.Object)'> (0x0000000097144ae8) 
thrown [s\open\src\hotspot\share\interpreter\linkResolver.cpp, line 774]

VM Operations (10 events):
Event: 0.175 Executing VM operation: HandshakeAllThreads
Event: 0.175 Executing VM operation: HandshakeAllThreads done
Event: 0.938 Executing VM operation: HandshakeAllThreads
Event: 0.938 Executing VM operation: HandshakeAllThreads done
Event: 1.124 Executing VM operation: HandshakeAllThreads
Event: 1.124 Executing VM operation: HandshakeAllThreads done
Event: 1.124 Executing VM operation: Cleanup
Event: 1.124 Executing VM operation: Cleanup done
Event: 1.934 Executing VM operation: HandshakeAllThreads
Event: 1.934 Executing VM operation: HandshakeAllThreads done

Events (17 events):
Event: 0.032 Thread 0x000001b14f294130 Thread added: 0x000001b14f294130
Event: 0.059 Thread 0x000001b16d13c710 Thread added: 0x000001b16d13c710
Event: 0.059 Thread 0x000001b16d13de40 Thread added: 0x000001b16d13de40
Event: 0.060 Thread 0x000001b16d1439b0 Thread added: 0x000001b16d1439b0
Event: 0.060 Thread 0x000001b16d147400 Thread added: 0x000001b16d147400
Event: 0.060 Thread 0x000001b16d148670 Thread added: 0x000001b16d148670
Event: 0.060 Thread 0x000001b16d14d470 Thread added: 0x000001b16d14d470
Event: 0.060 Thread 0x000001b16d14ecf0 Thread added: 0x000001b16d14ecf0
Event: 0.060 Thread 0x000001b16d155c30 Thread added: 0x000001b16d155c30
Event: 0.061 Thread 0x000001b16d169370 Thread added: 0x000001b16d169370
Event: 0.117 Thread 0x000001b1714d4aa0 Thread added: 0x000001b1714d4aa0
Event: 0.126 Thread 0x000001b1714dea90 Thread added: 0x000001b1714dea90
Event: 0.342 Thread 0x000001b16d156750 Thread added: 0x000001b16d156750
Event: 0.556 Thread 0x000001b16d156750 Thread exited: 0x000001b16d156750
Event: 0.827 Thread 0x000001b16d156750 Thread added: 0x000001b16d156750
Event: 0.828 Thread 0x000001b16d154060 Thread added: 0x000001b16d154060
Event: 1.288 Thread 0x000001b16d154060 Thread exited: 0x000001b16d154060


Dynamic libraries:
0x00007ff61ddb0000 - 0x00007ff61ddc0000 	C:\Program Files\Java\jdk-19\bin\java.exe
0x00007ffa755b0000 - 0x00007ffa757a8000 	C:\WINDOWS\SYSTEM32\ntdll.dll
0x00007ffa74590000 - 0x00007ffa7464d000 	C:\WINDOWS\System32\KERNEL32.DLL
0x00007ffa72d80000 - 0x00007ffa73076000 	C:\WINDOWS\System32\KERNELBASE.dll
0x00007ffa73190000 - 0x00007ffa73290000 	C:\WINDOWS\System32\ucrtbase.dll
0x00007ffa5b310000 - 0x00007ffa5b32b000 	C:\Program Files\Java\jdk-19\bin\VCRUNTIME140.dll
0x00007ffa5aed0000 - 0x00007ffa5aee8000 	C:\Program Files\Java\jdk-19\bin\jli.dll
0x00007ffa74b10000 - 0x00007ffa74bc0000 	C:\WINDOWS\System32\ADVAPI32.dll
0x00007ffa753a0000 - 0x00007ffa7543e000 	C:\WINDOWS\System32\msvcrt.dll
0x00007ffa736c0000 - 0x00007ffa73760000 	C:\WINDOWS\System32\sechost.dll
0x00007ffa749e0000 - 0x00007ffa74b03000 	C:\WINDOWS\System32\RPCRT4.dll
0x00007ffa73340000 - 0x00007ffa73367000 	C:\WINDOWS\System32\bcrypt.dll
0x00007ffa74170000 - 0x00007ffa7430f000 	C:\WINDOWS\System32\USER32.dll
0x00007ffa72d50000 - 0x00007ffa72d72000 	C:\WINDOWS\System32\win32u.dll
0x00007ffa749b0000 - 0x00007ffa749db000 	C:\WINDOWS\System32\GDI32.dll
0x00007ffa734d0000 - 0x00007ffa735e7000 	C:\WINDOWS\System32\gdi32full.dll
0x00007ffa730f0000 - 0x00007ffa7318d000 	C:\WINDOWS\System32\msvcp_win.dll
0x00007ffa59ec0000 - 0x00007ffa5a15a000 	C:\WINDOWS\WinSxS\amd64_microsoft.windows.common-controls_6595b64144ccf1df_6.0.19041.4355_none_60b8b9eb71f62e16\COMCTL32.dll
0x00007ffa68ef0000 - 0x00007ffa68efa000 	C:\WINDOWS\SYSTEM32\VERSION.dll
0x00007ffa73ae0000 - 0x00007ffa73b0f000 	C:\WINDOWS\System32\IMM32.DLL
0x00007ffa6d250000 - 0x00007ffa6d25c000 	C:\Program Files\Java\jdk-19\bin\vcruntime140_1.dll
0x00007ffa2c360000 - 0x00007ffa2c3ee000 	C:\Program Files\Java\jdk-19\bin\msvcp140.dll
0x00007ff9bbfb0000 - 0x00007ff9bcc70000 	C:\Program Files\Java\jdk-19\bin\server\jvm.dll
0x00007ffa68ec0000 - 0x00007ffa68ee7000 	C:\WINDOWS\SYSTEM32\WINMM.dll
0x00007ffa58770000 - 0x00007ffa58779000 	C:\WINDOWS\SYSTEM32\WSOCK32.dll
0x00007ffa75330000 - 0x00007ffa7539b000 	C:\WINDOWS\System32\WS2_32.dll
0x00007ffa71480000 - 0x00007ffa71492000 	C:\WINDOWS\SYSTEM32\kernel.appcore.dll
0x00007ffa6d200000 - 0x00007ffa6d20a000 	C:\Program Files\Java\jdk-19\bin\jimage.dll
0x00007ffa70830000 - 0x00007ffa70a14000 	C:\WINDOWS\SYSTEM32\DBGHELP.DLL
0x00007ffa591b0000 - 0x00007ffa591e4000 	C:\WINDOWS\SYSTEM32\dbgcore.DLL
0x00007ffa72c70000 - 0x00007ffa72cf2000 	C:\WINDOWS\System32\bcryptPrimitives.dll
0x00007ffa50d30000 - 0x00007ffa50d56000 	C:\Program Files\Java\jdk-19\bin\java.dll
0x00007ffa20c90000 - 0x00007ffa20d67000 	C:\Program Files\Java\jdk-19\bin\jsvml.dll
0x00007ffa74bc0000 - 0x00007ffa7532c000 	C:\WINDOWS\System32\SHELL32.dll
0x00007ffa70a40000 - 0x00007ffa711dd000 	C:\WINDOWS\SYSTEM32\windows.storage.dll
0x00007ffa74650000 - 0x00007ffa749a3000 	C:\WINDOWS\System32\combase.dll
0x00007ffa72620000 - 0x00007ffa7264e000 	C:\WINDOWS\SYSTEM32\Wldp.dll
0x00007ffa740a0000 - 0x00007ffa7416d000 	C:\WINDOWS\System32\OLEAUT32.dll
0x00007ffa74370000 - 0x00007ffa7441d000 	C:\WINDOWS\System32\SHCORE.dll
0x00007ffa73660000 - 0x00007ffa736b5000 	C:\WINDOWS\System32\shlwapi.dll
0x00007ffa72ba0000 - 0x00007ffa72bc4000 	C:\WINDOWS\SYSTEM32\profapi.dll
0x00007ffa3baa0000 - 0x00007ffa3bab3000 	C:\Program Files\Java\jdk-19\bin\net.dll
0x00007ffa6aa80000 - 0x00007ffa6ab8a000 	C:\WINDOWS\SYSTEM32\WINHTTP.dll
0x00007ffa72320000 - 0x00007ffa7238a000 	C:\WINDOWS\system32\mswsock.dll
0x00007ffa3ba80000 - 0x00007ffa3ba96000 	C:\Program Files\Java\jdk-19\bin\nio.dll
0x00007ffa3b970000 - 0x00007ffa3b988000 	C:\Program Files\Java\jdk-19\bin\zip.dll
0x00007ffa2b6c0000 - 0x00007ffa2b73b000 	C:\Users\Owner\AppData\Local\Temp\lwjgl_Owner\3.3.3+5\x64\lwjgl.dll
0x00007ffa210d0000 - 0x00007ffa21152000 	C:\Users\Owner\AppData\Local\Temp\lwjgl_Owner\3.3.3+5\x64\glfw.dll
0x00007ffa3b120000 - 0x00007ffa3b165000 	C:\WINDOWS\SYSTEM32\dinput8.dll
0x00007ffa3b950000 - 0x00007ffa3b961000 	C:\WINDOWS\SYSTEM32\xinput1_4.dll
0x00007ffa72d00000 - 0x00007ffa72d4e000 	C:\WINDOWS\System32\cfgmgr32.dll
0x00007ffa72990000 - 0x00007ffa729c3000 	C:\WINDOWS\SYSTEM32\DEVOBJ.dll
0x00007ffa702a0000 - 0x00007ffa702cf000 	C:\WINDOWS\SYSTEM32\dwmapi.dll
0x00007ffa4bb90000 - 0x00007ffa4bce2000 	C:\WINDOWS\SYSTEM32\inputhost.dll
0x00007ffa6dda0000 - 0x00007ffa6de96000 	C:\WINDOWS\SYSTEM32\PROPSYS.dll
0x00007ffa6dea0000 - 0x00007ffa6dff7000 	C:\WINDOWS\SYSTEM32\wintypes.dll
0x00007ffa6d9b0000 - 0x00007ffa6dd0b000 	C:\WINDOWS\SYSTEM32\CoreUIComponents.dll
0x00007ffa6f150000 - 0x00007ffa6f242000 	C:\WINDOWS\SYSTEM32\CoreMessaging.dll
0x00007ffa71d80000 - 0x00007ffa71db3000 	C:\WINDOWS\SYSTEM32\ntmarta.dll
0x00007ffa700b0000 - 0x00007ffa7014e000 	C:\WINDOWS\system32\uxtheme.dll
0x00007ffa739c0000 - 0x00007ffa73ad4000 	C:\WINDOWS\System32\MSCTF.dll
0x00007ffa17cd0000 - 0x00007ffa17df5000 	C:\WINDOWS\SYSTEM32\opengl32.dll
0x00007ffa17f30000 - 0x00007ffa17f5c000 	C:\WINDOWS\SYSTEM32\GLU32.dll
0x00007ffa73910000 - 0x00007ffa739b9000 	C:\WINDOWS\System32\clbcatq.dll
0x00007ff9fde60000 - 0x00007ff9fde8e000 	C:\WINDOWS\System32\DriverStore\FileRepository\u0402263.inf_amd64_1366da2d694c570c\B400781\atig6pxx.dll
0x00007ff9dadf0000 - 0x00007ff9df2cf000 	C:\WINDOWS\System32\DriverStore\FileRepository\u0402263.inf_amd64_1366da2d694c570c\B400781\atio6axx.dll
0x00007ffa73c20000 - 0x00007ffa7408e000 	C:\WINDOWS\System32\SETUPAPI.dll
0x00007ffa68e40000 - 0x00007ffa68e75000 	C:\WINDOWS\SYSTEM32\amdihk64.dll
0x00007ffa73080000 - 0x00007ffa730e9000 	C:\WINDOWS\System32\WINTRUST.dll
0x00007ffa73370000 - 0x00007ffa734ce000 	C:\WINDOWS\System32\CRYPT32.dll
0x00007ffa727b0000 - 0x00007ffa727c2000 	C:\WINDOWS\SYSTEM32\MSASN1.dll
0x00007ffa5ec90000 - 0x00007ffa5ed89000 	C:\WINDOWS\SYSTEM32\textinputframework.dll
0x00007ffa21070000 - 0x00007ffa210ce000 	C:\Users\Owner\AppData\Local\Temp\lwjgl_Owner\3.3.3+5\x64\lwjgl_opengl.dll
0x00007ffa5ea80000 - 0x00007ffa5ea90000 	C:\Program Files\Java\jdk-19\bin\verify.dll
0x00007ffa20fe0000 - 0x00007ffa21062000 	C:\Users\Owner\AppData\Local\Temp\lwjgl_Owner\3.3.3+5\x64\lwjgl_stb.dll
0x00007ffa72570000 - 0x00007ffa72588000 	C:\WINDOWS\SYSTEM32\CRYPTSP.dll
0x00007ffa71c40000 - 0x00007ffa71c74000 	C:\WINDOWS\system32\rsaenh.dll
0x00007ffa72b10000 - 0x00007ffa72b3e000 	C:\WINDOWS\SYSTEM32\USERENV.dll
0x00007ffa72590000 - 0x00007ffa7259c000 	C:\WINDOWS\SYSTEM32\CRYPTBASE.dll
0x00007ffa72000000 - 0x00007ffa7203b000 	C:\WINDOWS\SYSTEM32\IPHLPAPI.DLL
0x00007ffa74420000 - 0x00007ffa74428000 	C:\WINDOWS\System32\NSI.dll
0x00007ffa6ca40000 - 0x00007ffa6ca57000 	C:\WINDOWS\SYSTEM32\dhcpcsvc6.DLL
0x00007ffa6ca20000 - 0x00007ffa6ca3d000 	C:\WINDOWS\SYSTEM32\dhcpcsvc.DLL
0x00007ffa72040000 - 0x00007ffa7210a000 	C:\WINDOWS\SYSTEM32\DNSAPI.dll
0x00007ff9b8cf0000 - 0x00007ff9bbfa8000 	C:\Users\Owner\AppData\Local\Temp\opencv_openpnp9156840355490567831\nu\pattern\opencv\windows\x86_64\opencv_java490.dll
0x00007ffa75440000 - 0x00007ffa7556b000 	C:\WINDOWS\System32\ole32.dll
0x00007ffa6dd10000 - 0x00007ffa6dd95000 	C:\WINDOWS\SYSTEM32\MF.dll
0x00007ffa6ce90000 - 0x00007ffa6d04c000 	C:\WINDOWS\SYSTEM32\MFPlat.DLL
0x00007ffa4e2a0000 - 0x00007ffa4e3aa000 	C:\WINDOWS\SYSTEM32\MFReadWrite.dll
0x00007ffa6e920000 - 0x00007ffa6eb83000 	C:\WINDOWS\SYSTEM32\d3d11.dll
0x00007ffa714f0000 - 0x00007ffa715e2000 	C:\WINDOWS\SYSTEM32\dxgi.dll
0x00007ffa6d510000 - 0x00007ffa6d99e000 	C:\WINDOWS\SYSTEM32\MFCORE.DLL
0x00007ffa6d500000 - 0x00007ffa6d509000 	C:\WINDOWS\SYSTEM32\ksuser.dll
0x00007ffa72a10000 - 0x00007ffa72a5b000 	C:\WINDOWS\SYSTEM32\powrprof.dll
0x00007ffa6cdb0000 - 0x00007ffa6cde6000 	C:\WINDOWS\SYSTEM32\RTWorkQ.DLL
0x00007ffa729f0000 - 0x00007ffa72a02000 	C:\WINDOWS\SYSTEM32\UMPDC.dll

dbghelp: loaded successfully - version: 4.0.5 - missing functions: none
symbol engine: initialized successfully - sym options: 0x614 - pdb path: .;C:\Program Files\Java\jdk-19\bin;C:\WINDOWS\SYSTEM32;C:\WINDOWS\WinSxS\amd64_microsoft.windows.common-controls_6595b64144ccf1df_6.0.19041.4355_none_60b8b9eb71f62e16;C:\Program Files\Java\jdk-19\bin\server;C:\Users\Owner\AppData\Local\Temp\lwjgl_Owner\3.3.3+5\x64;C:\WINDOWS\System32\DriverStore\FileRepository\u0402263.inf_amd64_1366da2d694c570c\B400781;C:\Users\Owner\AppData\Local\Temp\opencv_openpnp9156840355490567831\nu\pattern\opencv\windows\x86_64

VM Arguments:
jvm_args: -XX:+ShowCodeDetailsInExceptionMessages 
java_command: CDD.CDDGame
java_class_path (initial): C:\Users\Owner\Documents\GitHub\CDD\CatNipGame\app\build\resources\main;C:\Users\Owner\Documents\GitHub\CDD\CatNipGame\app\build\classes\java\main;C:\Users\Owner\.gradle\caches\modules-2\files-2.1\org.lwjgl\lwjgl-opengl\3.3.3\e6c1eec8be8a71951b830a4d69efc01c6531900c\lwjgl-opengl-3.3.3-natives-windows.jar;C:\Users\Owner\.gradle\caches\modules-2\files-2.1\org.lwjgl\lwjgl-opengl\3.3.3\2f6b0147078396a58979125a4c947664e98293a\lwjgl-opengl-3.3.3.jar;C:\Users\Owner\.gradle\caches\modules-2\files-2.1\org.lwjgl\lwjgl-glfw\3.3.3\efa1eb78c5ccd840e9f329717109b5e892d72f8e\lwjgl-glfw-3.3.3.jar;C:\Users\Owner\.gradle\caches\modules-2\files-2.1\org.lwjgl\lwjgl-assimp\3.3.3\d90ccdade594716062975cffd1431d387f770ac4\lwjgl-assimp-3.3.3-natives-windows.jar;C:\Users\Owner\.gradle\caches\modules-2\files-2.1\org.lwjgl\lwjgl\3.3.3\29589b5f87ed335a6c7e7ee6a5775f81f97ecb84\lwjgl-3.3.3.jar;C:\Users\Owner\.gradle\caches\modules-2\files-2.1\org.lwjgl\lwjgl-nfd\3.3.3\f1b41d3a0a2f5cd2a55a6a59a618c87d0348681c\lwjgl-nfd-3.3.3.jar;C:\Users\Owner\.gradle\caches\modules-2\files-2.1\org.joml\joml\1.10.5\22566d58af70ad3d72308bab63b8339906deb649\joml-1.10.5.jar;C:\Users\Owner\.gradle\caches\modules-2\files-2.1\org.lwjgl\lwjgl-openal\3.3.3\cf83862ae95d98496b26915024c7e666d8ab1c8f\lwjgl-openal-3.3.3-natives-windows.jar;C:\Users\Owner\.gradle\caches\modules-2\files-2.1\org.lwjgl\lwjgl-glfw\3.3.3\e449e28b4891fc423c54c85fbc5bb0b9efece67a\lwjgl-glfw-3.3.3-natives-windows.jar;C:\Users\Owner\.gradle\caches\modules-2\files-2.1\org.lwjgl\lwjgl-nfd\3.3.3\3a39132eef695dcb7631adc1d02e493527940d10\lwjgl-nfd-3.3.3-natives-windows.jar;C:\Users\Owner\.gradle\caches\modules-2\files-2.1\org.lwjgl\lwjgl-stb\3.3.3\1d9facdf6541de114b0f963be33505b7679c78cb\lwjgl-stb-3.3.3-natives-windows.jar;C:\Users\Owner\.gradle\caches\modules-2\files-2.1\org.lwjgl\lwjgl-stb\3.3.3\25dd6161988d7e65f71d5065c99902402ee32746\lwjgl-stb-3.3.3.jar;C:\Users\Owner\.gradle\caches\modules-2\files-2.1\org.lwjgl\lwjgl\3.3.3\a5ed18a2b82fc91b81f40d717cb1f64c9dcb0540\lwjgl-3.3.3-natives-windows.jar;C:\Users\Owner\.gradle\caches\modules-2\files-2.1\org.openpnp\opencv\4.9.0-0\a50feb53802d310e8a2633c6a0a3aec8a6ac04d1\opencv-4.9.0-0.jar;C:\Users\Owner\.gradle\caches\modules-2\files-2.1\org.lwjgl\lwjgl-openal\3.3.3\daada81ceb5fc0c291fbfdd4433cb8d9423577f2\lwjgl-openal-3.3.3.jar;C:\Users\Owner\.gradle\caches\modules-2\files-2.1\org.lwjgl\lwjgl-assimp\3.3.3\c2c34011cbda30ed8cf98bc5cbf97b49afe5279a\lwjgl-assimp-3.3.3.jar
Launcher Type: SUN_STANDARD

[Global flags]
     intx CICompilerCount                          = 4                                         {product} {ergonomic}
     uint ConcGCThreads                            = 2                                         {product} {ergonomic}
     uint G1ConcRefinementThreads                  = 8                                         {product} {ergonomic}
   size_t G1HeapRegionSize                         = 1048576                                   {product} {ergonomic}
    uintx GCDrainStackTargetSize                   = 64                                        {product} {ergonomic}
   size_t InitialHeapSize                          = 117440512                                 {product} {ergonomic}
   size_t MarkStackSize                            = 4194304                                   {product} {ergonomic}
   size_t MaxHeapSize                              = 1862270976                                {product} {ergonomic}
   size_t MaxNewSize                               = 1116733440                                {product} {ergonomic}
   size_t MinHeapDeltaBytes                        = 1048576                                   {product} {ergonomic}
   size_t MinHeapSize                              = 8388608                                   {product} {ergonomic}
    uintx NonNMethodCodeHeapSize                   = 5839372                                {pd product} {ergonomic}
    uintx NonProfiledCodeHeapSize                  = 122909434                              {pd product} {ergonomic}
    uintx ProfiledCodeHeapSize                     = 122909434                              {pd product} {ergonomic}
    uintx ReservedCodeCacheSize                    = 251658240                              {pd product} {ergonomic}
     bool SegmentedCodeCache                       = true                                      {product} {ergonomic}
     bool ShowCodeDetailsInExceptionMessages       = true                                   {manageable} {command line}
   size_t SoftMaxHeapSize                          = 1862270976                             {manageable} {ergonomic}
     bool UseCompressedClassPointers               = true                           {product lp64_product} {ergonomic}
     bool UseCompressedOops                        = true                           {product lp64_product} {ergonomic}
     bool UseG1GC                                  = true                                      {product} {ergonomic}
     bool UseLargePagesIndividualAllocation        = false                                  {pd product} {ergonomic}

Logging:
Log output configuration:
 #0: stdout all=warning uptime,level,tags foldmultilines=false
 #1: stderr all=off uptime,level,tags foldmultilines=false

Environment Variables:
PATH=C:\Program Files (x86)\VMware\VMware Player\bin\;C:\Program Files\Common Files\Oracle\Java\javapath;C:\WINDOWS\system32;C:\WINDOWS;C:\WINDOWS\System32\Wbem;C:\WINDOWS\System32\WindowsPowerShell\v1.0\;C:\WINDOWS\System32\OpenSSH\;C:\Program Files\Microsoft SQL Server\120\Tools\Binn\;C:\Program Files (x86)\Microsoft SQL Server\150\DTS\Binn\;C:\Program Files\Azure Data Studio\bin;C:\Program Files\Microsoft SQL Server\Client SDK\ODBC\170\Tools\Binn\;C:\Program Files (x86)\Microsoft SQL Server\150\Tools\Binn\;C:\Program Files\Microsoft SQL Server\150\Tools\Binn\;C:\Program Files\Microsoft SQL Server\150\DTS\Binn\;C:\Other\Golink;C:\MinGW\bin;C:\Program Files\Git\cmd;C:\Users\Owner\AppData\Local\Programs\Python\Python39\python.exe;C:\ProgramData\anaconda3;C:\ProgramData\anaconda3\Scripts\;C:\Program Files\zluda;C:\Program Files\sha256sum;%LocalAppData%\bin\NASM;C:\Program Files\dotnet\;C:\Users\Owner\AppData\Local\Microsoft\WindowsApps;C:\Users\Owner\AppData\Local\Programs\Microsoft VS Code\bin;C:\Users\Owner\.dotnet\tools;C:\Users\Owner\AppData\Local\GitHubDesktop\bin
USERNAME=Owner
LANG=en_US.UTF-8
OS=Windows_NT
PROCESSOR_IDENTIFIER=AMD64 Family 23 Model 17 Stepping 0, AuthenticAMD
TMP=C:\Users\Owner\AppData\Local\Temp
TEMP=C:\Users\Owner\AppData\Local\Temp



---------------  S Y S T E M  ---------------

OS:
 Windows 10 , 64 bit Build 19041 (10.0.19041.3636)
OS uptime: 0 days 2:35 hours

CPU: total 8 (initial active 8) (8 cores per cpu, 2 threads per core) family 23 model 17 stepping 0 microcode 0x0, cx8, cmov, fxsr, ht, mmx, 3dnowpref, sse, sse2, sse3, ssse3, sse4a, sse4.1, sse4.2, popcnt, lzcnt, tsc, tscinvbit, avx, avx2, aes, clmul, bmi1, bmi2, adx, sha, fma, vzeroupper, clflush, clflushopt, rdtscp

Memory: 4k page, system-wide physical 7101M (705M free)
TotalPageFile size 17222M (AvailPageFile size 2948M)
current process WorkingSet (physical memory assigned to process): 153M, peak: 159M
current process commit charge ("private bytes"): 320M, peak: 326M

vm_info: Java HotSpot(TM) 64-Bit Server VM (19+36-2238) for windows-amd64 JRE (19+36-2238), built on 2022-08-12T20:29:01Z by "mach5one" with MS VC++ 17.1 (VS2022)

END.
